Analysis & Synthesis report for atw_farmcard
Wed Jun 12 09:04:46 2019
Quartus II 64-Bit Version 13.0.1 Build 232 06/12/2013 Service Pack 1 SJ Web Edition


---------------------
; Table of Contents ;
---------------------
  1. Legal Notice
  2. Analysis & Synthesis Summary
  3. Analysis & Synthesis Settings
  4. Parallel Compilation
  5. Analysis & Synthesis Source Files Read
  6. Analysis & Synthesis Resource Usage Summary
  7. Analysis & Synthesis Resource Utilization by Entity
  8. Analysis & Synthesis Messages



----------------
; Legal Notice ;
----------------
Copyright (C) 1991-2013 Altera Corporation
Your use of Altera Corporation's design tools, logic functions 
and other software and tools, and its AMPP partner logic 
functions, and any output files from any of the foregoing 
(including device programming or simulation files), and any 
associated documentation or information are expressly subject 
to the terms and conditions of the Altera Program License 
Subscription Agreement, Altera MegaCore Function License 
Agreement, or other applicable license agreement, including, 
without limitation, that your use is for the sole purpose of 
programming logic devices manufactured by Altera and sold by 
Altera or its authorized distributors.  Please refer to the 
applicable agreement for further details.



+-------------------------------------------------------------------------------+
; Analysis & Synthesis Summary                                                  ;
+-----------------------------+-------------------------------------------------+
; Analysis & Synthesis Status ; Successful - Wed Jun 12 09:04:46 2019           ;
; Quartus II 64-Bit Version   ; 13.0.1 Build 232 06/12/2013 SP 1 SJ Web Edition ;
; Revision Name               ; atw_farmcard                                    ;
; Top-level Entity Name       ; tfarmcard                                       ;
; Family                      ; MAX7000S                                        ;
; Total macrocells            ; 23                                              ;
; Total pins                  ; 28                                              ;
+-----------------------------+-------------------------------------------------+


+-------------------------------------------------------------------------------------------------------------+
; Analysis & Synthesis Settings                                                                               ;
+----------------------------------------------------------------------------+----------------+---------------+
; Option                                                                     ; Setting        ; Default Value ;
+----------------------------------------------------------------------------+----------------+---------------+
; Device                                                                     ; EPM7064SLC44-7 ;               ;
; Top-level entity name                                                      ; tfarmcard      ; atw_farmcard  ;
; Family name                                                                ; MAX7000S       ; Cyclone IV GX ;
; Use smart compilation                                                      ; Off            ; Off           ;
; Enable parallel Assembler and TimeQuest Timing Analyzer during compilation ; On             ; On            ;
; Enable compact report table                                                ; Off            ; Off           ;
; Create Debugging Nodes for IP Cores                                        ; Off            ; Off           ;
; Preserve fewer node names                                                  ; On             ; On            ;
; Disable OpenCore Plus hardware evaluation                                  ; Off            ; Off           ;
; Verilog Version                                                            ; Verilog_2001   ; Verilog_2001  ;
; VHDL Version                                                               ; VHDL_1993      ; VHDL_1993     ;
; State Machine Processing                                                   ; Auto           ; Auto          ;
; Safe State Machine                                                         ; Off            ; Off           ;
; Extract Verilog State Machines                                             ; On             ; On            ;
; Extract VHDL State Machines                                                ; On             ; On            ;
; Ignore Verilog initial constructs                                          ; Off            ; Off           ;
; Iteration limit for constant Verilog loops                                 ; 5000           ; 5000          ;
; Iteration limit for non-constant Verilog loops                             ; 250            ; 250           ;
; Add Pass-Through Logic to Inferred RAMs                                    ; On             ; On            ;
; Infer RAMs from Raw Logic                                                  ; On             ; On            ;
; Parallel Synthesis                                                         ; On             ; On            ;
; NOT Gate Push-Back                                                         ; On             ; On            ;
; Power-Up Don't Care                                                        ; On             ; On            ;
; Remove Duplicate Registers                                                 ; On             ; On            ;
; Ignore CARRY Buffers                                                       ; Off            ; Off           ;
; Ignore CASCADE Buffers                                                     ; Off            ; Off           ;
; Ignore GLOBAL Buffers                                                      ; Off            ; Off           ;
; Ignore ROW GLOBAL Buffers                                                  ; Off            ; Off           ;
; Ignore LCELL Buffers                                                       ; Auto           ; Auto          ;
; Ignore SOFT Buffers                                                        ; Off            ; Off           ;
; Limit AHDL Integers to 32 Bits                                             ; Off            ; Off           ;
; Optimization Technique                                                     ; Speed          ; Speed         ;
; Allow XOR Gate Usage                                                       ; On             ; On            ;
; Auto Logic Cell Insertion                                                  ; On             ; On            ;
; Parallel Expander Chain Length                                             ; 4              ; 4             ;
; Auto Parallel Expanders                                                    ; On             ; On            ;
; Auto Open-Drain Pins                                                       ; On             ; On            ;
; Auto Resource Sharing                                                      ; Off            ; Off           ;
; Maximum Fan-in Per Macrocell                                               ; 100            ; 100           ;
; Use LogicLock Constraints during Resource Balancing                        ; On             ; On            ;
; Ignore translate_off and synthesis_off directives                          ; Off            ; Off           ;
; Report Parameter Settings                                                  ; On             ; On            ;
; Report Source Assignments                                                  ; On             ; On            ;
; Report Connectivity Checks                                                 ; On             ; On            ;
; HDL message level                                                          ; Level2         ; Level2        ;
; Suppress Register Optimization Related Messages                            ; Off            ; Off           ;
; Number of Removed Registers Reported in Synthesis Report                   ; 5000           ; 5000          ;
; Number of Swept Nodes Reported in Synthesis Report                         ; 5000           ; 5000          ;
; Number of Inverted Registers Reported in Synthesis Report                  ; 100            ; 100           ;
; Block Design Naming                                                        ; Auto           ; Auto          ;
; Synthesis Effort                                                           ; Auto           ; Auto          ;
; Shift Register Replacement - Allow Asynchronous Clear Signal               ; On             ; On            ;
; Pre-Mapping Resynthesis Optimization                                       ; Off            ; Off           ;
; Analysis & Synthesis Message Level                                         ; Medium         ; Medium        ;
; Disable Register Merging Across Hierarchies                                ; Auto           ; Auto          ;
; Synthesis Seed                                                             ; 1              ; 1             ;
+----------------------------------------------------------------------------+----------------+---------------+


Parallel compilation was disabled, but you have multiple processors available. Enable parallel compilation to reduce compilation time.
+-------------------------------------+
; Parallel Compilation                ;
+----------------------------+--------+
; Processors                 ; Number ;
+----------------------------+--------+
; Number detected on machine ; 8      ;
; Maximum allowed            ; 1      ;
+----------------------------+--------+


+------------------------------------------------------------------------------------------------------------------------------------------+
; Analysis & Synthesis Source Files Read                                                                                                   ;
+-------------------------------------+-----------------+-----------------+------------------------------------------------------+---------+
; File Name with User-Entered Path    ; Used in Netlist ; File Type       ; File Name with Absolute Path                         ; Library ;
+-------------------------------------+-----------------+-----------------+------------------------------------------------------+---------+
; ../../V5/ATW-Farmcard/tfarmcard.vhd ; yes             ; User VHDL File  ; D:/Axels/Dropbox/Eagle/V5/ATW-Farmcard/tfarmcard.vhd ;         ;
+-------------------------------------+-----------------+-----------------+------------------------------------------------------+---------+


+---------------------------------------------+
; Analysis & Synthesis Resource Usage Summary ;
+----------------------+----------------------+
; Resource             ; Usage                ;
+----------------------+----------------------+
; Logic cells          ; 23                   ;
; Total registers      ; 0                    ;
; I/O pins             ; 28                   ;
; Maximum fan-out node ; ~GND~0               ;
; Maximum fan-out      ; 1                    ;
; Total fan-out        ; 23                   ;
; Average fan-out      ; 0.45                 ;
+----------------------+----------------------+


+-------------------------------------------------------------------------------------+
; Analysis & Synthesis Resource Utilization by Entity                                 ;
+----------------------------+------------+------+---------------------+--------------+
; Compilation Hierarchy Node ; Macrocells ; Pins ; Full Hierarchy Name ; Library Name ;
+----------------------------+------------+------+---------------------+--------------+
; |tfarmcard                 ; 23         ; 28   ; |tfarmcard          ; work         ;
+----------------------------+------------+------+---------------------+--------------+


+-------------------------------+
; Analysis & Synthesis Messages ;
+-------------------------------+
Info: *******************************************************************
Info: Running Quartus II 64-Bit Analysis & Synthesis
    Info: Version 13.0.1 Build 232 06/12/2013 Service Pack 1 SJ Web Edition
    Info: Processing started: Wed Jun 12 09:04:42 2019
Info: Command: quartus_map --read_settings_files=on --write_settings_files=off atw_farmcard -c atw_farmcard
Warning (20028): Parallel compilation is not licensed and has been disabled
Info (12021): Found 2 design units, including 1 entities, in source file /axels/dropbox/eagle/v5/atw-farmcard/tfarmcard.vhd
    Info (12022): Found design unit 1: tfarmcard-rtl
    Info (12023): Found entity 1: tfarmcard
Info (12127): Elaborating entity "tfarmcard" for the top level hierarchy
Warning (10541): VHDL Signal Declaration warning at tfarmcard.vhd(31): used implicit default value for signal "L_Out" because signal was never assigned a value or an explicit default value. Use of implicit default value may introduce unintended design optimizations.
Warning (10541): VHDL Signal Declaration warning at tfarmcard.vhd(33): used implicit default value for signal "FastOut" because signal was never assigned a value or an explicit default value. Use of implicit default value may introduce unintended design optimizations.
Warning (10541): VHDL Signal Declaration warning at tfarmcard.vhd(35): used implicit default value for signal "SlowOut" because signal was never assigned a value or an explicit default value. Use of implicit default value may introduce unintended design optimizations.
Warning (10541): VHDL Signal Declaration warning at tfarmcard.vhd(37): used implicit default value for signal "tErrOut" because signal was never assigned a value or an explicit default value. Use of implicit default value may introduce unintended design optimizations.
Warning (10541): VHDL Signal Declaration warning at tfarmcard.vhd(39): used implicit default value for signal "gResetOut" because signal was never assigned a value or an explicit default value. Use of implicit default value may introduce unintended design optimizations.
Warning (10541): VHDL Signal Declaration warning at tfarmcard.vhd(41): used implicit default value for signal "s0res" because signal was never assigned a value or an explicit default value. Use of implicit default value may introduce unintended design optimizations.
Warning (10541): VHDL Signal Declaration warning at tfarmcard.vhd(42): used implicit default value for signal "s0ana" because signal was never assigned a value or an explicit default value. Use of implicit default value may introduce unintended design optimizations.
Warning (10541): VHDL Signal Declaration warning at tfarmcard.vhd(43): used implicit default value for signal "s1res" because signal was never assigned a value or an explicit default value. Use of implicit default value may introduce unintended design optimizations.
Warning (10541): VHDL Signal Declaration warning at tfarmcard.vhd(44): used implicit default value for signal "s1ana" because signal was never assigned a value or an explicit default value. Use of implicit default value may introduce unintended design optimizations.
Warning (10541): VHDL Signal Declaration warning at tfarmcard.vhd(45): used implicit default value for signal "s2res" because signal was never assigned a value or an explicit default value. Use of implicit default value may introduce unintended design optimizations.
Warning (10541): VHDL Signal Declaration warning at tfarmcard.vhd(46): used implicit default value for signal "s2ana" because signal was never assigned a value or an explicit default value. Use of implicit default value may introduce unintended design optimizations.
Warning (10541): VHDL Signal Declaration warning at tfarmcard.vhd(47): used implicit default value for signal "s3res" because signal was never assigned a value or an explicit default value. Use of implicit default value may introduce unintended design optimizations.
Warning (10541): VHDL Signal Declaration warning at tfarmcard.vhd(48): used implicit default value for signal "s3ana" because signal was never assigned a value or an explicit default value. Use of implicit default value may introduce unintended design optimizations.
Warning (10541): VHDL Signal Declaration warning at tfarmcard.vhd(49): used implicit default value for signal "s4res" because signal was never assigned a value or an explicit default value. Use of implicit default value may introduce unintended design optimizations.
Warning (10541): VHDL Signal Declaration warning at tfarmcard.vhd(50): used implicit default value for signal "s4ana" because signal was never assigned a value or an explicit default value. Use of implicit default value may introduce unintended design optimizations.
Warning (10541): VHDL Signal Declaration warning at tfarmcard.vhd(51): used implicit default value for signal "s5res" because signal was never assigned a value or an explicit default value. Use of implicit default value may introduce unintended design optimizations.
Warning (10541): VHDL Signal Declaration warning at tfarmcard.vhd(52): used implicit default value for signal "s5ana" because signal was never assigned a value or an explicit default value. Use of implicit default value may introduce unintended design optimizations.
Warning (10541): VHDL Signal Declaration warning at tfarmcard.vhd(53): used implicit default value for signal "s6res" because signal was never assigned a value or an explicit default value. Use of implicit default value may introduce unintended design optimizations.
Warning (10541): VHDL Signal Declaration warning at tfarmcard.vhd(54): used implicit default value for signal "s6ana" because signal was never assigned a value or an explicit default value. Use of implicit default value may introduce unintended design optimizations.
Warning (10541): VHDL Signal Declaration warning at tfarmcard.vhd(55): used implicit default value for signal "s7res" because signal was never assigned a value or an explicit default value. Use of implicit default value may introduce unintended design optimizations.
Warning (10541): VHDL Signal Declaration warning at tfarmcard.vhd(56): used implicit default value for signal "s7ana" because signal was never assigned a value or an explicit default value. Use of implicit default value may introduce unintended design optimizations.
Warning (10541): VHDL Signal Declaration warning at tfarmcard.vhd(58): used implicit default value for signal "nLedRed" because signal was never assigned a value or an explicit default value. Use of implicit default value may introduce unintended design optimizations.
Warning (10541): VHDL Signal Declaration warning at tfarmcard.vhd(59): used implicit default value for signal "nLedGrn" because signal was never assigned a value or an explicit default value. Use of implicit default value may introduce unintended design optimizations.
Warning (13024): Output pins are stuck at VCC or GND
    Warning (13410): Pin "L_Out" is stuck at GND
    Warning (13410): Pin "FastOut" is stuck at GND
    Warning (13410): Pin "SlowOut" is stuck at GND
    Warning (13410): Pin "tErrOut" is stuck at GND
    Warning (13410): Pin "gResetOut" is stuck at GND
    Warning (13410): Pin "s0res" is stuck at GND
    Warning (13410): Pin "s0ana" is stuck at GND
    Warning (13410): Pin "s1res" is stuck at GND
    Warning (13410): Pin "s1ana" is stuck at GND
    Warning (13410): Pin "s2res" is stuck at GND
    Warning (13410): Pin "s2ana" is stuck at GND
    Warning (13410): Pin "s3res" is stuck at GND
    Warning (13410): Pin "s3ana" is stuck at GND
    Warning (13410): Pin "s4res" is stuck at GND
    Warning (13410): Pin "s4ana" is stuck at GND
    Warning (13410): Pin "s5res" is stuck at GND
    Warning (13410): Pin "s5ana" is stuck at GND
    Warning (13410): Pin "s6res" is stuck at GND
    Warning (13410): Pin "s6ana" is stuck at GND
    Warning (13410): Pin "s7res" is stuck at GND
    Warning (13410): Pin "s7ana" is stuck at GND
    Warning (13410): Pin "nLedRed" is stuck at GND
    Warning (13410): Pin "nLedGrn" is stuck at GND
Warning (21074): Design contains 5 input pin(s) that do not drive logic
    Warning (15610): No output dependent on input pin "L_In"
    Warning (15610): No output dependent on input pin "FastIn"
    Warning (15610): No output dependent on input pin "SlowIn"
    Warning (15610): No output dependent on input pin "tErrIn"
    Warning (15610): No output dependent on input pin "gResetIn"
Info (21057): Implemented 51 device resources after synthesis - the final resource count might be different
    Info (21058): Implemented 5 input pins
    Info (21059): Implemented 23 output pins
    Info (21063): Implemented 23 macrocells
Info: Quartus II 64-Bit Analysis & Synthesis was successful. 0 errors, 54 warnings
    Info: Peak virtual memory: 4637 megabytes
    Info: Processing ended: Wed Jun 12 09:04:46 2019
    Info: Elapsed time: 00:00:04
    Info: Total CPU time (on all processors): 00:00:01


