Flow report for atw_farmcard
Wed Jun 12 09:04:56 2019
Quartus II 64-Bit Version 13.0.1 Build 232 06/12/2013 Service Pack 1 SJ Web Edition


---------------------
; Table of Contents ;
---------------------
  1. Legal Notice
  2. Flow Summary
  3. Flow Settings
  4. Flow Non-Default Global Settings
  5. Flow Elapsed Time
  6. Flow OS Summary
  7. Flow Log
  8. Flow Messages
  9. Flow Suppressed Messages



----------------
; Legal Notice ;
----------------
Copyright (C) 1991-2013 Altera Corporation
Your use of Altera Corporation's design tools, logic functions 
and other software and tools, and its AMPP partner logic 
functions, and any output files from any of the foregoing 
(including device programming or simulation files), and any 
associated documentation or information are expressly subject 
to the terms and conditions of the Altera Program License 
Subscription Agreement, Altera MegaCore Function License 
Agreement, or other applicable license agreement, including, 
without limitation, that your use is for the sole purpose of 
programming logic devices manufactured by Altera and sold by 
Altera or its authorized distributors.  Please refer to the 
applicable agreement for further details.



+-----------------------------------------------------------------------------+
; Flow Summary                                                                ;
+---------------------------+-------------------------------------------------+
; Flow Status               ; Successful - Wed Jun 12 09:04:53 2019           ;
; Quartus II 64-Bit Version ; 13.0.1 Build 232 06/12/2013 SP 1 SJ Web Edition ;
; Revision Name             ; atw_farmcard                                    ;
; Top-level Entity Name     ; tfarmcard                                       ;
; Family                    ; MAX7000S                                        ;
; Device                    ; EPM7064SLC44-7                                  ;
; Timing Models             ; Final                                           ;
; Total macrocells          ; 23 / 64 ( 36 % )                                ;
; Total pins                ; 32 / 36 ( 89 % )                                ;
+---------------------------+-------------------------------------------------+


+-----------------------------------------+
; Flow Settings                           ;
+-------------------+---------------------+
; Option            ; Setting             ;
+-------------------+---------------------+
; Start date & time ; 06/12/2019 09:04:42 ;
; Main task         ; Compilation         ;
; Revision Name     ; atw_farmcard        ;
+-------------------+---------------------+


+----------------------------------------------------------------------------------------------------+
; Flow Non-Default Global Settings                                                                   ;
+--------------------------+------------------------------+---------------+-------------+------------+
; Assignment Name          ; Value                        ; Default Value ; Entity Name ; Section Id ;
+--------------------------+------------------------------+---------------+-------------+------------+
; COMPILER_SIGNATURE_ID    ; 345052807176.156032308212132 ; --            ; --          ; --         ;
; FITTER_EFFORT            ; Standard Fit                 ; Auto Fit      ; --          ; --         ;
; OPTIMIZE_HOLD_TIMING     ; Off                          ; --            ; --          ; --         ;
; PROJECT_OUTPUT_DIRECTORY ; output_files                 ; --            ; --          ; --         ;
; TOP_LEVEL_ENTITY         ; tfarmcard                    ; atw_farmcard  ; --          ; --         ;
+--------------------------+------------------------------+---------------+-------------+------------+


+-------------------------------------------------------------------------------------------------------------------------------+
; Flow Elapsed Time                                                                                                             ;
+---------------------------+--------------+-------------------------+---------------------+------------------------------------+
; Module Name               ; Elapsed Time ; Average Processors Used ; Peak Virtual Memory ; Total CPU Time (on all processors) ;
+---------------------------+--------------+-------------------------+---------------------+------------------------------------+
; Analysis & Synthesis      ; 00:00:04     ; 1.0                     ; 4637 MB             ; 00:00:01                           ;
; Fitter                    ; 00:00:03     ; 1.0                     ; 4726 MB             ; 00:00:01                           ;
; Assembler                 ; 00:00:01     ; 1.0                     ; 4535 MB             ; 00:00:01                           ;
; TimeQuest Timing Analyzer ; 00:00:02     ; 1.0                     ; 4532 MB             ; 00:00:01                           ;
; Total                     ; 00:00:10     ; --                      ; --                  ; 00:00:04                           ;
+---------------------------+--------------+-------------------------+---------------------+------------------------------------+


+----------------------------------------------------------------------------------------+
; Flow OS Summary                                                                        ;
+---------------------------+------------------+-----------+------------+----------------+
; Module Name               ; Machine Hostname ; OS Name   ; OS Version ; Processor type ;
+---------------------------+------------------+-----------+------------+----------------+
; Analysis & Synthesis      ; Engelchen        ; Windows 7 ; 6.2        ; x86_64         ;
; Fitter                    ; Engelchen        ; Windows 7 ; 6.2        ; x86_64         ;
; Assembler                 ; Engelchen        ; Windows 7 ; 6.2        ; x86_64         ;
; TimeQuest Timing Analyzer ; Engelchen        ; Windows 7 ; 6.2        ; x86_64         ;
+---------------------------+------------------+-----------+------------+----------------+


------------
; Flow Log ;
------------
quartus_map --read_settings_files=on --write_settings_files=off atw_farmcard -c atw_farmcard
quartus_fit --read_settings_files=off --write_settings_files=off atw_farmcard -c atw_farmcard
quartus_asm --read_settings_files=off --write_settings_files=off atw_farmcard -c atw_farmcard
quartus_sta atw_farmcard -c atw_farmcard



